[ 2019-11-06T10:57:34+08:00 ] ::1 /blog/5dc227ee0558c.jpeg
INFO: [ app_init ] --START--
INFO: Run Behavior\BuildLiteBehavior [ RunTime:0.000000s ]
INFO: [ app_init ] --END-- [ RunTime:0.000000s ]
ERR: 无法加载模块:5dc227ee0558c

[ 2019-11-06T10:57:34+08:00 ] ::1 /blog/5dc22e3335714.jpeg
INFO: [ app_init ] --START--
INFO: Run Behavior\BuildLiteBehavior [ RunTime:0.000000s ]
INFO: [ app_init ] --END-- [ RunTime:0.000000s ]
ERR: 无法加载模块:5dc22e3335714

[ 2019-11-06T10:57:34+08:00 ] ::1 /blog/5dc22e53dda7c.jpeg
INFO: [ app_init ] --START--
INFO: Run Behavior\BuildLiteBehavior [ RunTime:0.000000s ]
INFO: [ app_init ] --END-- [ RunTime:0.000000s ]
ERR: 无法加载模块:5dc22e53dda7c

[ 2019-11-06T10:57:34+08:00 ] ::1 /blog/5dc22c200b34c.jpeg
INFO: [ app_init ] --START--
INFO: Run Behavior\BuildLiteBehavior [ RunTime:0.000000s ]
INFO: [ app_init ] --END-- [ RunTime:0.000000s ]
ERR: 无法加载模块:5dc22c200b34c

[ 2019-11-06T10:57:34+08:00 ] ::1 /blog/5dc22e5d5ef24.jpeg
INFO: [ app_init ] --START--
INFO: Run Behavior\BuildLiteBehavior [ RunTime:0.000000s ]
INFO: [ app_init ] --END-- [ RunTime:0.000000s ]
ERR: 无法加载模块:5dc22e5d5ef24

[ 2019-11-06T10:58:05+08:00 ] ::1 /blog/5dc227ee0558c.jpeg
INFO: [ app_init ] --START--
INFO: Run Behavior\BuildLiteBehavior [ RunTime:0.000000s ]
INFO: [ app_init ] --END-- [ RunTime:0.000000s ]
ERR: 无法加载模块:5dc227ee0558c

[ 2019-11-06T10:58:05+08:00 ] ::1 /blog/5dc22c200b34c.jpeg
INFO: [ app_init ] --START--
INFO: Run Behavior\BuildLiteBehavior [ RunTime:0.000000s ]
INFO: [ app_init ] --END-- [ RunTime:0.000000s ]
ERR: 无法加载模块:5dc22c200b34c

[ 2019-11-06T10:58:05+08:00 ] ::1 /blog/5dc22e5d5ef24.jpeg
INFO: [ app_init ] --START--
INFO: Run Behavior\BuildLiteBehavior [ RunTime:0.000000s ]
INFO: [ app_init ] --END-- [ RunTime:0.000000s ]
ERR: 无法加载模块:5dc22e5d5ef24

[ 2019-11-06T10:58:05+08:00 ] ::1 /blog/5dc22e3335714.jpeg
INFO: [ app_init ] --START--
INFO: Run Behavior\BuildLiteBehavior [ RunTime:0.000000s ]
INFO: [ app_init ] --END-- [ RunTime:0.000000s ]
ERR: 无法加载模块:5dc22e3335714

[ 2019-11-06T10:58:05+08:00 ] ::1 /blog/5dc22e53dda7c.jpeg
INFO: [ app_init ] --START--
INFO: Run Behavior\BuildLiteBehavior [ RunTime:0.000000s ]
INFO: [ app_init ] --END-- [ RunTime:0.000000s ]
ERR: 无法加载模块:5dc22e53dda7c

[ 2019-11-06T11:00:50+08:00 ] ::1 /blog/5dc227ee0558c.jpeg
INFO: [ app_init ] --START--
INFO: Run Behavior\BuildLiteBehavior [ RunTime:0.000000s ]
INFO: [ app_init ] --END-- [ RunTime:0.000000s ]
ERR: 无法加载模块:5dc227ee0558c

[ 2019-11-06T11:00:50+08:00 ] ::1 /blog/5dc22c200b34c.jpeg
INFO: [ app_init ] --START--
INFO: Run Behavior\BuildLiteBehavior [ RunTime:0.000000s ]
INFO: [ app_init ] --END-- [ RunTime:0.000000s ]
ERR: 无法加载模块:5dc22c200b34c

[ 2019-11-06T11:00:50+08:00 ] ::1 /blog/5dc22e53dda7c.jpeg
INFO: [ app_init ] --START--
INFO: Run Behavior\BuildLiteBehavior [ RunTime:0.000000s ]
INFO: [ app_init ] --END-- [ RunTime:0.000000s ]
ERR: 无法加载模块:5dc22e53dda7c

[ 2019-11-06T11:00:50+08:00 ] ::1 /blog/5dc22e3335714.jpeg
INFO: [ app_init ] --START--
INFO: Run Behavior\BuildLiteBehavior [ RunTime:0.000000s ]
INFO: [ app_init ] --END-- [ RunTime:0.000000s ]
ERR: 无法加载模块:5dc22e3335714

[ 2019-11-06T11:00:50+08:00 ] ::1 /blog/5dc22e5d5ef24.jpeg
INFO: [ app_init ] --START--
INFO: Run Behavior\BuildLiteBehavior [ RunTime:0.000000s ]
INFO: [ app_init ] --END-- [ RunTime:0.000000s ]
ERR: 无法加载模块:5dc22e5d5ef24

[ 2019-11-06T11:00:56+08:00 ] ::1 /blog/5dc227ee0558c.jpeg
INFO: [ app_init ] --START--
INFO: Run Behavior\BuildLiteBehavior [ RunTime:0.000000s ]
INFO: [ app_init ] --END-- [ RunTime:0.000000s ]
ERR: 无法加载模块:5dc227ee0558c

[ 2019-11-06T11:00:56+08:00 ] ::1 /blog/5dc22c200b34c.jpeg
INFO: [ app_init ] --START--
INFO: Run Behavior\BuildLiteBehavior [ RunTime:0.000000s ]
INFO: [ app_init ] --END-- [ RunTime:0.001000s ]
ERR: 无法加载模块:5dc22c200b34c

[ 2019-11-06T11:00:56+08:00 ] ::1 /blog/5dc22e3335714.jpeg
INFO: [ app_init ] --START--
INFO: Run Behavior\BuildLiteBehavior [ RunTime:0.000000s ]
INFO: [ app_init ] --END-- [ RunTime:0.000000s ]
ERR: 无法加载模块:5dc22e3335714

[ 2019-11-06T11:00:56+08:00 ] ::1 /blog/5dc22e5d5ef24.jpeg
INFO: [ app_init ] --START--
INFO: Run Behavior\BuildLiteBehavior [ RunTime:0.000000s ]
INFO: [ app_init ] --END-- [ RunTime:0.000000s ]
ERR: 无法加载模块:5dc22e5d5ef24

[ 2019-11-06T11:00:56+08:00 ] ::1 /blog/5dc22e53dda7c.jpeg
INFO: [ app_init ] --START--
INFO: Run Behavior\BuildLiteBehavior [ RunTime:0.000000s ]
INFO: [ app_init ] --END-- [ RunTime:0.000000s ]
ERR: 无法加载模块:5dc22e53dda7c

[ 2019-11-06T11:01:01+08:00 ] ::1 /blog/5dc227ee0558c.jpeg
INFO: [ app_init ] --START--
INFO: Run Behavior\BuildLiteBehavior [ RunTime:0.000000s ]
INFO: [ app_init ] --END-- [ RunTime:0.000000s ]
ERR: 无法加载模块:5dc227ee0558c

[ 2019-11-06T11:01:01+08:00 ] ::1 /blog/5dc22c200b34c.jpeg
INFO: [ app_init ] --START--
INFO: Run Behavior\BuildLiteBehavior [ RunTime:0.000000s ]
INFO: [ app_init ] --END-- [ RunTime:0.000000s ]
ERR: 无法加载模块:5dc22c200b34c

[ 2019-11-06T11:01:01+08:00 ] ::1 /blog/5dc22e53dda7c.jpeg
INFO: [ app_init ] --START--
INFO: Run Behavior\BuildLiteBehavior [ RunTime:0.000000s ]
INFO: [ app_init ] --END-- [ RunTime:0.000000s ]
ERR: 无法加载模块:5dc22e53dda7c

[ 2019-11-06T11:01:01+08:00 ] ::1 /blog/5dc22e3335714.jpeg
INFO: [ app_init ] --START--
INFO: Run Behavior\BuildLiteBehavior [ RunTime:0.000000s ]
INFO: [ app_init ] --END-- [ RunTime:0.000000s ]
ERR: 无法加载模块:5dc22e3335714

[ 2019-11-06T11:01:01+08:00 ] ::1 /blog/5dc22e5d5ef24.jpeg
INFO: [ app_init ] --START--
INFO: Run Behavior\BuildLiteBehavior [ RunTime:0.000000s ]
INFO: [ app_init ] --END-- [ RunTime:0.000000s ]
ERR: 无法加载模块:5dc22e5d5ef24

[ 2019-11-06T11:09:17+08:00 ] ::1 /blog/5dc227ee0558c.jpeg
INFO: [ app_init ] --START--
INFO: Run Behavior\BuildLiteBehavior [ RunTime:0.000000s ]
INFO: [ app_init ] --END-- [ RunTime:0.000000s ]
ERR: 无法加载模块:5dc227ee0558c

[ 2019-11-06T11:09:17+08:00 ] ::1 /blog/5dc22c200b34c.jpeg
INFO: [ app_init ] --START--
INFO: Run Behavior\BuildLiteBehavior [ RunTime:0.000000s ]
INFO: [ app_init ] --END-- [ RunTime:0.000000s ]
ERR: 无法加载模块:5dc22c200b34c

[ 2019-11-06T11:09:17+08:00 ] ::1 /blog/5dc22e3335714.jpeg
INFO: [ app_init ] --START--
INFO: Run Behavior\BuildLiteBehavior [ RunTime:0.000000s ]
INFO: [ app_init ] --END-- [ RunTime:0.000000s ]
ERR: 无法加载模块:5dc22e3335714

[ 2019-11-06T11:09:17+08:00 ] ::1 /blog/5dc22e53dda7c.jpeg
INFO: [ app_init ] --START--
INFO: Run Behavior\BuildLiteBehavior [ RunTime:0.001000s ]
INFO: [ app_init ] --END-- [ RunTime:0.001000s ]
ERR: 无法加载模块:5dc22e53dda7c

[ 2019-11-06T11:09:17+08:00 ] ::1 /blog/5dc22e5d5ef24.jpeg
INFO: [ app_init ] --START--
INFO: Run Behavior\BuildLiteBehavior [ RunTime:0.000000s ]
INFO: [ app_init ] --END-- [ RunTime:0.000000s ]
ERR: 无法加载模块:5dc22e5d5ef24

[ 2019-11-06T11:09:18+08:00 ] ::1 /blog/5dc227ee0558c.jpeg
INFO: [ app_init ] --START--
INFO: Run Behavior\BuildLiteBehavior [ RunTime:0.000000s ]
INFO: [ app_init ] --END-- [ RunTime:0.000000s ]
ERR: 无法加载模块:5dc227ee0558c

[ 2019-11-06T11:09:18+08:00 ] ::1 /blog/5dc22c200b34c.jpeg
INFO: [ app_init ] --START--
INFO: Run Behavior\BuildLiteBehavior [ RunTime:0.000000s ]
INFO: [ app_init ] --END-- [ RunTime:0.001000s ]
ERR: 无法加载模块:5dc22c200b34c

[ 2019-11-06T11:09:18+08:00 ] ::1 /blog/5dc22e53dda7c.jpeg
INFO: [ app_init ] --START--
INFO: Run Behavior\BuildLiteBehavior [ RunTime:0.000000s ]
INFO: [ app_init ] --END-- [ RunTime:0.001000s ]
ERR: 无法加载模块:5dc22e53dda7c

[ 2019-11-06T11:09:18+08:00 ] ::1 /blog/5dc22e5d5ef24.jpeg
INFO: [ app_init ] --START--
INFO: Run Behavior\BuildLiteBehavior [ RunTime:0.000000s ]
INFO: [ app_init ] --END-- [ RunTime:0.000000s ]
ERR: 无法加载模块:5dc22e5d5ef24

[ 2019-11-06T11:09:18+08:00 ] ::1 /blog/5dc22e3335714.jpeg
INFO: [ app_init ] --START--
INFO: Run Behavior\BuildLiteBehavior [ RunTime:0.000000s ]
INFO: [ app_init ] --END-- [ RunTime:0.000000s ]
ERR: 无法加载模块:5dc22e3335714

[ 2019-11-06T11:09:18+08:00 ] ::1 /blog/5dc22c200b34c.jpeg
INFO: [ app_init ] --START--
INFO: Run Behavior\BuildLiteBehavior [ RunTime:0.000000s ]
INFO: [ app_init ] --END-- [ RunTime:0.000000s ]
ERR: 无法加载模块:5dc22c200b34c

[ 2019-11-06T11:09:18+08:00 ] ::1 /blog/5dc227ee0558c.jpeg
INFO: [ app_init ] --START--
INFO: Run Behavior\BuildLiteBehavior [ RunTime:0.000000s ]
INFO: [ app_init ] --END-- [ RunTime:0.000000s ]
ERR: 无法加载模块:5dc227ee0558c

[ 2019-11-06T11:09:18+08:00 ] ::1 /blog/5dc22e3335714.jpeg
INFO: [ app_init ] --START--
INFO: Run Behavior\BuildLiteBehavior [ RunTime:0.000000s ]
INFO: [ app_init ] --END-- [ RunTime:0.000000s ]
ERR: 无法加载模块:5dc22e3335714

[ 2019-11-06T11:09:18+08:00 ] ::1 /blog/5dc22e53dda7c.jpeg
INFO: [ app_init ] --START--
INFO: Run Behavior\BuildLiteBehavior [ RunTime:0.000000s ]
INFO: [ app_init ] --END-- [ RunTime:0.000000s ]
ERR: 无法加载模块:5dc22e53dda7c

[ 2019-11-06T11:09:18+08:00 ] ::1 /blog/5dc22e5d5ef24.jpeg
INFO: [ app_init ] --START--
INFO: Run Behavior\BuildLiteBehavior [ RunTime:0.000000s ]
INFO: [ app_init ] --END-- [ RunTime:0.000000s ]
ERR: 无法加载模块:5dc22e5d5ef24

[ 2019-11-06T11:25:32+08:00 ] ::1 /blog/index.php/Index/login
INFO: [ app_init ] --START--
INFO: Run Behavior\BuildLiteBehavior [ RunTime:0.000000s ]
INFO: [ app_init ] --END-- [ RunTime:0.001000s ]
ERR: 无法加载模块:Index

[ 2019-11-06T11:25:40+08:00 ] ::1 /blog/index.php/Index/login.html
INFO: [ app_init ] --START--
INFO: Run Behavior\BuildLiteBehavior [ RunTime:0.000000s ]
INFO: [ app_init ] --END-- [ RunTime:0.000000s ]
ERR: 无法加载模块:Index

[ 2019-11-06T11:25:47+08:00 ] ::1 /blog/index.php/Index/
INFO: [ app_init ] --START--
INFO: Run Behavior\BuildLiteBehavior [ RunTime:0.000000s ]
INFO: [ app_init ] --END-- [ RunTime:0.000000s ]
ERR: 无法加载模块:Index

[ 2019-11-06T14:42:41+08:00 ] ::1 /blog/5dc227ee0558c.jpeg
INFO: [ app_init ] --START--
INFO: Run Behavior\BuildLiteBehavior [ RunTime:0.000000s ]
INFO: [ app_init ] --END-- [ RunTime:0.000000s ]
ERR: 无法加载模块:5dc227ee0558c

[ 2019-11-06T14:42:41+08:00 ] ::1 /blog/5dc22c200b34c.jpeg
INFO: [ app_init ] --START--
INFO: Run Behavior\BuildLiteBehavior [ RunTime:0.000000s ]
INFO: [ app_init ] --END-- [ RunTime:0.000000s ]
ERR: 无法加载模块:5dc22c200b34c

[ 2019-11-06T14:42:41+08:00 ] ::1 /blog/5dc22e53dda7c.jpeg
INFO: [ app_init ] --START--
INFO: Run Behavior\BuildLiteBehavior [ RunTime:0.000000s ]
INFO: [ app_init ] --END-- [ RunTime:0.000000s ]
ERR: 无法加载模块:5dc22e53dda7c

[ 2019-11-06T14:42:41+08:00 ] ::1 /blog/5dc22e5d5ef24.jpeg
INFO: [ app_init ] --START--
INFO: Run Behavior\BuildLiteBehavior [ RunTime:0.000000s ]
INFO: [ app_init ] --END-- [ RunTime:0.000000s ]
ERR: 无法加载模块:5dc22e5d5ef24

[ 2019-11-06T14:42:41+08:00 ] ::1 /blog/5dc22e3335714.jpeg
INFO: [ app_init ] --START--
INFO: Run Behavior\BuildLiteBehavior [ RunTime:0.000000s ]
INFO: [ app_init ] --END-- [ RunTime:0.000000s ]
ERR: 无法加载模块:5dc22e3335714

[ 2019-11-06T15:00:49+08:00 ] ::1 /blog/5dc227ee0558c.jpeg
INFO: [ app_init ] --START--
INFO: Run Behavior\BuildLiteBehavior [ RunTime:0.000000s ]
INFO: [ app_init ] --END-- [ RunTime:0.000000s ]
ERR: 无法加载模块:5dc227ee0558c

[ 2019-11-06T15:00:49+08:00 ] ::1 /blog/5dc22c200b34c.jpeg
INFO: [ app_init ] --START--
INFO: Run Behavior\BuildLiteBehavior [ RunTime:0.000000s ]
INFO: [ app_init ] --END-- [ RunTime:0.000000s ]
ERR: 无法加载模块:5dc22c200b34c

[ 2019-11-06T15:00:49+08:00 ] ::1 /blog/5dc22e53dda7c.jpeg
INFO: [ app_init ] --START--
INFO: Run Behavior\BuildLiteBehavior [ RunTime:0.000000s ]
INFO: [ app_init ] --END-- [ RunTime:0.000000s ]
ERR: 无法加载模块:5dc22e53dda7c

[ 2019-11-06T15:00:49+08:00 ] ::1 /blog/5dc22e3335714.jpeg
INFO: [ app_init ] --START--
INFO: Run Behavior\BuildLiteBehavior [ RunTime:0.000000s ]
INFO: [ app_init ] --END-- [ RunTime:0.000000s ]
ERR: 无法加载模块:5dc22e3335714

[ 2019-11-06T15:00:49+08:00 ] ::1 /blog/5dc22e5d5ef24.jpeg
INFO: [ app_init ] --START--
INFO: Run Behavior\BuildLiteBehavior [ RunTime:0.000000s ]
INFO: [ app_init ] --END-- [ RunTime:0.000000s ]
ERR: 无法加载模块:5dc22e5d5ef24

[ 2019-11-06T15:00:59+08:00 ] ::1 /blog/5dc227ee0558c.jpeg
INFO: [ app_init ] --START--
INFO: Run Behavior\BuildLiteBehavior [ RunTime:0.000000s ]
INFO: [ app_init ] --END-- [ RunTime:0.000000s ]
ERR: 无法加载模块:5dc227ee0558c

[ 2019-11-06T15:00:59+08:00 ] ::1 /blog/5dc22c200b34c.jpeg
INFO: [ app_init ] --START--
INFO: Run Behavior\BuildLiteBehavior [ RunTime:0.000000s ]
INFO: [ app_init ] --END-- [ RunTime:0.000000s ]
ERR: 无法加载模块:5dc22c200b34c

[ 2019-11-06T15:00:59+08:00 ] ::1 /blog/5dc22e53dda7c.jpeg
INFO: [ app_init ] --START--
INFO: Run Behavior\BuildLiteBehavior [ RunTime:0.000000s ]
INFO: [ app_init ] --END-- [ RunTime:0.000000s ]
ERR: 无法加载模块:5dc22e53dda7c

[ 2019-11-06T15:00:59+08:00 ] ::1 /blog/5dc22e5d5ef24.jpeg
INFO: [ app_init ] --START--
INFO: Run Behavior\BuildLiteBehavior [ RunTime:0.000000s ]
INFO: [ app_init ] --END-- [ RunTime:0.000000s ]
ERR: 无法加载模块:5dc22e5d5ef24

[ 2019-11-06T15:05:23+08:00 ] ::1 /blog/5dc227ee0558c.jpeg
INFO: [ app_init ] --START--
INFO: Run Behavior\BuildLiteBehavior [ RunTime:0.000000s ]
INFO: [ app_init ] --END-- [ RunTime:0.000000s ]
ERR: 无法加载模块:5dc227ee0558c

[ 2019-11-06T15:05:23+08:00 ] ::1 /blog/5dc22c200b34c.jpeg
INFO: [ app_init ] --START--
INFO: Run Behavior\BuildLiteBehavior [ RunTime:0.000000s ]
INFO: [ app_init ] --END-- [ RunTime:0.000000s ]
ERR: 无法加载模块:5dc22c200b34c

[ 2019-11-06T15:05:23+08:00 ] ::1 /blog/5dc22e3335714.jpeg
INFO: [ app_init ] --START--
INFO: Run Behavior\BuildLiteBehavior [ RunTime:0.000000s ]
INFO: [ app_init ] --END-- [ RunTime:0.000000s ]
ERR: 无法加载模块:5dc22e3335714

[ 2019-11-06T15:05:23+08:00 ] ::1 /blog/5dc22e53dda7c.jpeg
INFO: [ app_init ] --START--
INFO: Run Behavior\BuildLiteBehavior [ RunTime:0.000000s ]
INFO: [ app_init ] --END-- [ RunTime:0.000000s ]
ERR: 无法加载模块:5dc22e53dda7c

[ 2019-11-06T15:05:23+08:00 ] ::1 /blog/5dc22e5d5ef24.jpeg
INFO: [ app_init ] --START--
INFO: Run Behavior\BuildLiteBehavior [ RunTime:0.000000s ]
INFO: [ app_init ] --END-- [ RunTime:0.000000s ]
ERR: 无法加载模块:5dc22e5d5ef24

[ 2019-11-06T15:05:25+08:00 ] ::1 /blog/5dc22c200b34c.jpeg
INFO: [ app_init ] --START--
INFO: Run Behavior\BuildLiteBehavior [ RunTime:0.000000s ]
INFO: [ app_init ] --END-- [ RunTime:0.000000s ]
ERR: 无法加载模块:5dc22c200b34c

[ 2019-11-06T15:05:25+08:00 ] ::1 /blog/5dc227ee0558c.jpeg
INFO: [ app_init ] --START--
INFO: Run Behavior\BuildLiteBehavior [ RunTime:0.000000s ]
INFO: [ app_init ] --END-- [ RunTime:0.000000s ]
ERR: 无法加载模块:5dc227ee0558c

[ 2019-11-06T15:05:25+08:00 ] ::1 /blog/5dc22e53dda7c.jpeg
INFO: [ app_init ] --START--
INFO: Run Behavior\BuildLiteBehavior [ RunTime:0.000000s ]
INFO: [ app_init ] --END-- [ RunTime:0.000000s ]
ERR: 无法加载模块:5dc22e53dda7c

[ 2019-11-06T15:05:25+08:00 ] ::1 /blog/5dc22e5d5ef24.jpeg
INFO: [ app_init ] --START--
INFO: Run Behavior\BuildLiteBehavior [ RunTime:0.000000s ]
INFO: [ app_init ] --END-- [ RunTime:0.000000s ]
ERR: 无法加载模块:5dc22e5d5ef24

[ 2019-11-06T15:05:25+08:00 ] ::1 /blog/5dc227ee0558c.jpeg
INFO: [ app_init ] --START--
INFO: Run Behavior\BuildLiteBehavior [ RunTime:0.000000s ]
INFO: [ app_init ] --END-- [ RunTime:0.001000s ]
ERR: 无法加载模块:5dc227ee0558c

[ 2019-11-06T15:05:25+08:00 ] ::1 /blog/5dc22c200b34c.jpeg
INFO: [ app_init ] --START--
INFO: Run Behavior\BuildLiteBehavior [ RunTime:0.000000s ]
INFO: [ app_init ] --END-- [ RunTime:0.000000s ]
ERR: 无法加载模块:5dc22c200b34c

[ 2019-11-06T15:05:25+08:00 ] ::1 /blog/5dc22e3335714.jpeg
INFO: [ app_init ] --START--
INFO: Run Behavior\BuildLiteBehavior [ RunTime:0.000000s ]
INFO: [ app_init ] --END-- [ RunTime:0.000000s ]
ERR: 无法加载模块:5dc22e3335714

[ 2019-11-06T15:05:25+08:00 ] ::1 /blog/5dc22e5d5ef24.jpeg
INFO: [ app_init ] --START--
INFO: Run Behavior\BuildLiteBehavior [ RunTime:0.000000s ]
INFO: [ app_init ] --END-- [ RunTime:0.000000s ]
ERR: 无法加载模块:5dc22e5d5ef24

[ 2019-11-06T15:05:25+08:00 ] ::1 /blog/5dc22c200b34c.jpeg
INFO: [ app_init ] --START--
INFO: Run Behavior\BuildLiteBehavior [ RunTime:0.000000s ]
INFO: [ app_init ] --END-- [ RunTime:0.000000s ]
ERR: 无法加载模块:5dc22c200b34c

[ 2019-11-06T15:05:25+08:00 ] ::1 /blog/5dc227ee0558c.jpeg
INFO: [ app_init ] --START--
INFO: Run Behavior\BuildLiteBehavior [ RunTime:0.000000s ]
INFO: [ app_init ] --END-- [ RunTime:0.001000s ]
ERR: 无法加载模块:5dc227ee0558c

[ 2019-11-06T15:05:25+08:00 ] ::1 /blog/5dc22e3335714.jpeg
INFO: [ app_init ] --START--
INFO: Run Behavior\BuildLiteBehavior [ RunTime:0.000000s ]
INFO: [ app_init ] --END-- [ RunTime:0.000000s ]
ERR: 无法加载模块:5dc22e3335714

[ 2019-11-06T15:05:25+08:00 ] ::1 /blog/5dc22e5d5ef24.jpeg
INFO: [ app_init ] --START--
INFO: Run Behavior\BuildLiteBehavior [ RunTime:0.000000s ]
INFO: [ app_init ] --END-- [ RunTime:0.000000s ]
ERR: 无法加载模块:5dc22e5d5ef24

[ 2019-11-06T15:05:25+08:00 ] ::1 /blog/5dc22e53dda7c.jpeg
INFO: [ app_init ] --START--
INFO: Run Behavior\BuildLiteBehavior [ RunTime:0.000000s ]
INFO: [ app_init ] --END-- [ RunTime:0.000000s ]
ERR: 无法加载模块:5dc22e53dda7c

