[ 2019-11-04T17:12:33+08:00 ] ::1 /blog/
INFO: [ app_init ] --START--
INFO: Run Behavior\BuildLiteBehavior [ RunTime:0.001000s ]
INFO: [ app_init ] --END-- [ RunTime:0.001000s ]
INFO: [ app_begin ] --START--
INFO: Run Behavior\ReadHtmlCacheBehavior [ RunTime:0.001000s ]
INFO: [ app_begin ] --END-- [ RunTime:0.001000s ]
INFO: [ view_parse ] --START--
INFO: [ template_filter ] --START--
INFO: Run Behavior\ContentReplaceBehavior [ RunTime:0.000000s ]
INFO: [ template_filter ] --END-- [ RunTime:0.000000s ]
INFO: Run Behavior\ParseTemplateBehavior [ RunTime:0.009000s ]
INFO: [ view_parse ] --END-- [ RunTime:0.009000s ]
INFO: [ view_filter ] --START--
INFO: Run Behavior\WriteHtmlCacheBehavior [ RunTime:0.000000s ]
INFO: [ view_filter ] --END-- [ RunTime:0.000000s ]
INFO: [ app_end ] --START--
INFO: Run Behavior\ShowPageTraceBehavior [ RunTime:0.001000s ]
INFO: [ app_end ] --END-- [ RunTime:0.001000s ]

[ 2019-11-04T17:22:16+08:00 ] ::1 /blog/index.php/Admin/
INFO: [ app_init ] --START--
INFO: Run Behavior\BuildLiteBehavior [ RunTime:0.000000s ]
INFO: [ app_init ] --END-- [ RunTime:0.001000s ]
INFO: [ app_begin ] --START--
INFO: Run Behavior\ReadHtmlCacheBehavior [ RunTime:0.000000s ]
INFO: [ app_begin ] --END-- [ RunTime:0.001000s ]
INFO: [ view_parse ] --START--
INFO: [ template_filter ] --START--
INFO: Run Behavior\ContentReplaceBehavior [ RunTime:0.000000s ]
INFO: [ template_filter ] --END-- [ RunTime:0.000000s ]
INFO: Run Behavior\ParseTemplateBehavior [ RunTime:0.013000s ]
INFO: [ view_parse ] --END-- [ RunTime:0.013000s ]
INFO: [ view_filter ] --START--
INFO: Run Behavior\WriteHtmlCacheBehavior [ RunTime:0.000000s ]
INFO: [ view_filter ] --END-- [ RunTime:0.001000s ]
INFO: [ app_end ] --START--
INFO: Run Behavior\ShowPageTraceBehavior [ RunTime:0.000000s ]
INFO: [ app_end ] --END-- [ RunTime:0.000000s ]

[ 2019-11-04T17:22:19+08:00 ] ::1 /blog/index.php/Admin/design.html
INFO: [ app_init ] --START--
INFO: Run Behavior\BuildLiteBehavior [ RunTime:0.000000s ]
INFO: [ app_init ] --END-- [ RunTime:0.001000s ]
INFO: [ app_begin ] --START--
INFO: Run Behavior\ReadHtmlCacheBehavior [ RunTime:0.001000s ]
INFO: [ app_begin ] --END-- [ RunTime:0.001000s ]
ERR: 无法加载控制器:Design

[ 2019-11-04T17:25:21+08:00 ] ::1 /blog/index.php/Admin/index.html
INFO: [ app_init ] --START--
INFO: Run Behavior\BuildLiteBehavior [ RunTime:0.000000s ]
INFO: [ app_init ] --END-- [ RunTime:0.000000s ]
INFO: [ app_begin ] --START--
INFO: Run Behavior\ReadHtmlCacheBehavior [ RunTime:0.001000s ]
INFO: [ app_begin ] --END-- [ RunTime:0.001000s ]
INFO: [ view_parse ] --START--
INFO: [ template_filter ] --START--
INFO: Run Behavior\ContentReplaceBehavior [ RunTime:0.001000s ]
INFO: [ template_filter ] --END-- [ RunTime:0.001000s ]
INFO: Run Behavior\ParseTemplateBehavior [ RunTime:0.015000s ]
INFO: [ view_parse ] --END-- [ RunTime:0.015000s ]
INFO: [ view_filter ] --START--
INFO: Run Behavior\WriteHtmlCacheBehavior [ RunTime:0.000000s ]
INFO: [ view_filter ] --END-- [ RunTime:0.000000s ]
INFO: [ app_end ] --START--
INFO: Run Behavior\ShowPageTraceBehavior [ RunTime:0.000000s ]
INFO: [ app_end ] --END-- [ RunTime:0.000000s ]

[ 2019-11-04T17:25:22+08:00 ] ::1 /blog/index.php/Admin/index.html
INFO: [ app_init ] --START--
INFO: Run Behavior\BuildLiteBehavior [ RunTime:0.000000s ]
INFO: [ app_init ] --END-- [ RunTime:0.000000s ]
INFO: [ app_begin ] --START--
INFO: Run Behavior\ReadHtmlCacheBehavior [ RunTime:0.000000s ]
INFO: [ app_begin ] --END-- [ RunTime:0.000000s ]
INFO: [ view_parse ] --START--
INFO: [ template_filter ] --START--
INFO: Run Behavior\ContentReplaceBehavior [ RunTime:0.000000s ]
INFO: [ template_filter ] --END-- [ RunTime:0.000000s ]
INFO: Run Behavior\ParseTemplateBehavior [ RunTime:0.010000s ]
INFO: [ view_parse ] --END-- [ RunTime:0.010000s ]
INFO: [ view_filter ] --START--
INFO: Run Behavior\WriteHtmlCacheBehavior [ RunTime:0.000000s ]
INFO: [ view_filter ] --END-- [ RunTime:0.000000s ]
INFO: [ app_end ] --START--
INFO: Run Behavior\ShowPageTraceBehavior [ RunTime:0.000000s ]
INFO: [ app_end ] --END-- [ RunTime:0.001000s ]

[ 2019-11-04T17:25:24+08:00 ] ::1 /blog/index.php/Admin/index.html
INFO: [ app_init ] --START--
INFO: Run Behavior\BuildLiteBehavior [ RunTime:0.000000s ]
INFO: [ app_init ] --END-- [ RunTime:0.000000s ]
INFO: [ app_begin ] --START--
INFO: Run Behavior\ReadHtmlCacheBehavior [ RunTime:0.001000s ]
INFO: [ app_begin ] --END-- [ RunTime:0.001000s ]
INFO: [ view_parse ] --START--
INFO: [ template_filter ] --START--
INFO: Run Behavior\ContentReplaceBehavior [ RunTime:0.000000s ]
INFO: [ template_filter ] --END-- [ RunTime:0.000000s ]
INFO: Run Behavior\ParseTemplateBehavior [ RunTime:0.013000s ]
INFO: [ view_parse ] --END-- [ RunTime:0.013000s ]
INFO: [ view_filter ] --START--
INFO: Run Behavior\WriteHtmlCacheBehavior [ RunTime:0.001000s ]
INFO: [ view_filter ] --END-- [ RunTime:0.001000s ]
INFO: [ app_end ] --START--
INFO: Run Behavior\ShowPageTraceBehavior [ RunTime:0.000000s ]
INFO: [ app_end ] --END-- [ RunTime:0.000000s ]

[ 2019-11-04T17:25:30+08:00 ] ::1 /blog/index.php/Admin/design.html
INFO: [ app_init ] --START--
INFO: Run Behavior\BuildLiteBehavior [ RunTime:0.000000s ]
INFO: [ app_init ] --END-- [ RunTime:0.000000s ]
INFO: [ app_begin ] --START--
INFO: Run Behavior\ReadHtmlCacheBehavior [ RunTime:0.000000s ]
INFO: [ app_begin ] --END-- [ RunTime:0.000000s ]
ERR: 无法加载控制器:Design

[ 2019-11-04T17:25:34+08:00 ] ::1 /blog/index.php/Admin/design.html
INFO: [ app_init ] --START--
INFO: Run Behavior\BuildLiteBehavior [ RunTime:0.000000s ]
INFO: [ app_init ] --END-- [ RunTime:0.000000s ]
INFO: [ app_begin ] --START--
INFO: Run Behavior\ReadHtmlCacheBehavior [ RunTime:0.000000s ]
INFO: [ app_begin ] --END-- [ RunTime:0.000000s ]
ERR: 无法加载控制器:Design

[ 2019-11-04T17:25:44+08:00 ] ::1 /blog/index.php/Admin/design.html
INFO: [ app_init ] --START--
INFO: Run Behavior\BuildLiteBehavior [ RunTime:0.000000s ]
INFO: [ app_init ] --END-- [ RunTime:0.000000s ]
INFO: [ app_begin ] --START--
INFO: Run Behavior\ReadHtmlCacheBehavior [ RunTime:0.000000s ]
INFO: [ app_begin ] --END-- [ RunTime:0.000000s ]
ERR: 无法加载控制器:Design

[ 2019-11-04T17:25:47+08:00 ] ::1 /blog/index.php/Admin/index.html
INFO: [ app_init ] --START--
INFO: Run Behavior\BuildLiteBehavior [ RunTime:0.000000s ]
INFO: [ app_init ] --END-- [ RunTime:0.001000s ]
INFO: [ app_begin ] --START--
INFO: Run Behavior\ReadHtmlCacheBehavior [ RunTime:0.000000s ]
INFO: [ app_begin ] --END-- [ RunTime:0.000000s ]
INFO: [ view_parse ] --START--
INFO: [ template_filter ] --START--
INFO: Run Behavior\ContentReplaceBehavior [ RunTime:0.000000s ]
INFO: [ template_filter ] --END-- [ RunTime:0.000000s ]
INFO: Run Behavior\ParseTemplateBehavior [ RunTime:0.016000s ]
INFO: [ view_parse ] --END-- [ RunTime:0.016000s ]
INFO: [ view_filter ] --START--
INFO: Run Behavior\WriteHtmlCacheBehavior [ RunTime:0.001000s ]
INFO: [ view_filter ] --END-- [ RunTime:0.001000s ]
INFO: [ app_end ] --START--
INFO: Run Behavior\ShowPageTraceBehavior [ RunTime:0.000000s ]
INFO: [ app_end ] --END-- [ RunTime:0.000000s ]

[ 2019-11-04T17:25:55+08:00 ] ::1 /blog/index.php/Admin/index.html
INFO: [ app_init ] --START--
INFO: Run Behavior\BuildLiteBehavior [ RunTime:0.000000s ]
INFO: [ app_init ] --END-- [ RunTime:0.001000s ]
INFO: [ app_begin ] --START--
INFO: Run Behavior\ReadHtmlCacheBehavior [ RunTime:0.001000s ]
INFO: [ app_begin ] --END-- [ RunTime:0.001000s ]
INFO: [ view_parse ] --START--
INFO: [ template_filter ] --START--
INFO: Run Behavior\ContentReplaceBehavior [ RunTime:0.000000s ]
INFO: [ template_filter ] --END-- [ RunTime:0.001000s ]
INFO: Run Behavior\ParseTemplateBehavior [ RunTime:0.010000s ]
INFO: [ view_parse ] --END-- [ RunTime:0.010000s ]
INFO: [ view_filter ] --START--
INFO: Run Behavior\WriteHtmlCacheBehavior [ RunTime:0.000000s ]
INFO: [ view_filter ] --END-- [ RunTime:0.000000s ]
INFO: [ app_end ] --START--
INFO: Run Behavior\ShowPageTraceBehavior [ RunTime:0.000000s ]
INFO: [ app_end ] --END-- [ RunTime:0.000000s ]

[ 2019-11-04T17:26:09+08:00 ] ::1 /blog/index.php/Admin/regist.html
INFO: [ app_init ] --START--
INFO: Run Behavior\BuildLiteBehavior [ RunTime:0.001000s ]
INFO: [ app_init ] --END-- [ RunTime:0.001000s ]
INFO: [ app_begin ] --START--
INFO: Run Behavior\ReadHtmlCacheBehavior [ RunTime:0.000000s ]
INFO: [ app_begin ] --END-- [ RunTime:0.001000s ]
ERR: 无法加载控制器:Regist

[ 2019-11-04T17:26:32+08:00 ] ::1 /blog/index.php/Admin/login.html
INFO: [ app_init ] --START--
INFO: Run Behavior\BuildLiteBehavior [ RunTime:0.000000s ]
INFO: [ app_init ] --END-- [ RunTime:0.000000s ]
INFO: [ app_begin ] --START--
INFO: Run Behavior\ReadHtmlCacheBehavior [ RunTime:0.000000s ]
INFO: [ app_begin ] --END-- [ RunTime:0.000000s ]
ERR: 无法加载控制器:Login

[ 2019-11-04T17:26:39+08:00 ] ::1 /blog/index.php/Admin/regist.html
INFO: [ app_init ] --START--
INFO: Run Behavior\BuildLiteBehavior [ RunTime:0.000000s ]
INFO: [ app_init ] --END-- [ RunTime:0.000000s ]
INFO: [ app_begin ] --START--
INFO: Run Behavior\ReadHtmlCacheBehavior [ RunTime:0.000000s ]
INFO: [ app_begin ] --END-- [ RunTime:0.000000s ]
ERR: 无法加载控制器:Regist

[ 2019-11-04T17:26:42+08:00 ] ::1 /blog/index.php/Admin/design.html
INFO: [ app_init ] --START--
INFO: Run Behavior\BuildLiteBehavior [ RunTime:0.000000s ]
INFO: [ app_init ] --END-- [ RunTime:0.000000s ]
INFO: [ app_begin ] --START--
INFO: Run Behavior\ReadHtmlCacheBehavior [ RunTime:0.001000s ]
INFO: [ app_begin ] --END-- [ RunTime:0.001000s ]
ERR: 无法加载控制器:Design

[ 2019-11-04T17:26:44+08:00 ] ::1 /blog/index.php/Admin/design.html
INFO: [ app_init ] --START--
INFO: Run Behavior\BuildLiteBehavior [ RunTime:0.000000s ]
INFO: [ app_init ] --END-- [ RunTime:0.000000s ]
INFO: [ app_begin ] --START--
INFO: Run Behavior\ReadHtmlCacheBehavior [ RunTime:0.000000s ]
INFO: [ app_begin ] --END-- [ RunTime:0.000000s ]
ERR: 无法加载控制器:Design

[ 2019-11-04T17:32:40+08:00 ] ::1 /blog/index.php/Admin/index.html
INFO: [ app_init ] --START--
INFO: Run Behavior\BuildLiteBehavior [ RunTime:0.000000s ]
INFO: [ app_init ] --END-- [ RunTime:0.000000s ]
INFO: [ app_begin ] --START--
INFO: Run Behavior\ReadHtmlCacheBehavior [ RunTime:0.000000s ]
INFO: [ app_begin ] --END-- [ RunTime:0.000000s ]
INFO: [ view_parse ] --START--
INFO: [ template_filter ] --START--
INFO: Run Behavior\ContentReplaceBehavior [ RunTime:0.000000s ]
INFO: [ template_filter ] --END-- [ RunTime:0.000000s ]
INFO: Run Behavior\ParseTemplateBehavior [ RunTime:0.051005s ]
INFO: [ view_parse ] --END-- [ RunTime:0.051005s ]
INFO: [ view_filter ] --START--
INFO: Run Behavior\WriteHtmlCacheBehavior [ RunTime:0.000000s ]
INFO: [ view_filter ] --END-- [ RunTime:0.000000s ]
INFO: [ app_end ] --START--
INFO: Run Behavior\ShowPageTraceBehavior [ RunTime:0.000000s ]
INFO: [ app_end ] --END-- [ RunTime:0.001000s ]

[ 2019-11-04T17:33:20+08:00 ] ::1 /blog/index.php/Admin/index.html
INFO: [ app_init ] --START--
INFO: Run Behavior\BuildLiteBehavior [ RunTime:0.000000s ]
INFO: [ app_init ] --END-- [ RunTime:0.000000s ]
INFO: [ app_begin ] --START--
INFO: Run Behavior\ReadHtmlCacheBehavior [ RunTime:0.000000s ]
INFO: [ app_begin ] --END-- [ RunTime:0.001000s ]
INFO: [ view_parse ] --START--
INFO: [ template_filter ] --START--
INFO: Run Behavior\ContentReplaceBehavior [ RunTime:0.000000s ]
INFO: [ template_filter ] --END-- [ RunTime:0.000000s ]
INFO: Run Behavior\ParseTemplateBehavior [ RunTime:0.017002s ]
INFO: [ view_parse ] --END-- [ RunTime:0.017002s ]
INFO: [ view_filter ] --START--
INFO: Run Behavior\WriteHtmlCacheBehavior [ RunTime:0.000000s ]
INFO: [ view_filter ] --END-- [ RunTime:0.001000s ]
INFO: [ app_end ] --START--
INFO: Run Behavior\ShowPageTraceBehavior [ RunTime:0.000000s ]
INFO: [ app_end ] --END-- [ RunTime:0.000000s ]

[ 2019-11-04T17:33:25+08:00 ] ::1 /blog/index.php/Admin/
INFO: [ app_init ] --START--
INFO: Run Behavior\BuildLiteBehavior [ RunTime:0.000000s ]
INFO: [ app_init ] --END-- [ RunTime:0.000000s ]
INFO: [ app_begin ] --START--
INFO: Run Behavior\ReadHtmlCacheBehavior [ RunTime:0.000000s ]
INFO: [ app_begin ] --END-- [ RunTime:0.000000s ]
INFO: [ view_parse ] --START--
INFO: [ template_filter ] --START--
INFO: Run Behavior\ContentReplaceBehavior [ RunTime:0.000000s ]
INFO: [ template_filter ] --END-- [ RunTime:0.000000s ]
INFO: Run Behavior\ParseTemplateBehavior [ RunTime:0.011001s ]
INFO: [ view_parse ] --END-- [ RunTime:0.011001s ]
INFO: [ view_filter ] --START--
INFO: Run Behavior\WriteHtmlCacheBehavior [ RunTime:0.000000s ]
INFO: [ view_filter ] --END-- [ RunTime:0.000000s ]
INFO: [ app_end ] --START--
INFO: Run Behavior\ShowPageTraceBehavior [ RunTime:0.000000s ]
INFO: [ app_end ] --END-- [ RunTime:0.000000s ]

[ 2019-11-04T17:38:34+08:00 ] ::1 /blog/index.php/Admin/Cate/
INFO: [ app_init ] --START--
INFO: Run Behavior\BuildLiteBehavior [ RunTime:0.000000s ]
INFO: [ app_init ] --END-- [ RunTime:0.001000s ]
INFO: [ app_begin ] --START--
INFO: Run Behavior\ReadHtmlCacheBehavior [ RunTime:0.001000s ]
INFO: [ app_begin ] --END-- [ RunTime:0.001000s ]
ERR: 无法加载控制器:Cate

[ 2019-11-04T17:38:38+08:00 ] ::1 /blog/index.php/Admin/Cate/list
INFO: [ app_init ] --START--
INFO: Run Behavior\BuildLiteBehavior [ RunTime:0.000000s ]
INFO: [ app_init ] --END-- [ RunTime:0.001000s ]
INFO: [ app_begin ] --START--
INFO: Run Behavior\ReadHtmlCacheBehavior [ RunTime:0.000000s ]
INFO: [ app_begin ] --END-- [ RunTime:0.000000s ]
ERR: 无法加载控制器:Cate

[ 2019-11-04T17:38:43+08:00 ] ::1 /blog/index.php/Admin/Cate/list.html/
INFO: [ app_init ] --START--
INFO: Run Behavior\BuildLiteBehavior [ RunTime:0.000000s ]
INFO: [ app_init ] --END-- [ RunTime:0.000000s ]
INFO: [ app_begin ] --START--
INFO: Run Behavior\ReadHtmlCacheBehavior [ RunTime:0.000000s ]
INFO: [ app_begin ] --END-- [ RunTime:0.000000s ]
ERR: 无法加载控制器:Cate

[ 2019-11-04T17:38:46+08:00 ] ::1 /blog/index.php/Admin/Cate/list.html
INFO: [ app_init ] --START--
INFO: Run Behavior\BuildLiteBehavior [ RunTime:0.000000s ]
INFO: [ app_init ] --END-- [ RunTime:0.001000s ]
INFO: [ app_begin ] --START--
INFO: Run Behavior\ReadHtmlCacheBehavior [ RunTime:0.000000s ]
INFO: [ app_begin ] --END-- [ RunTime:0.000000s ]
ERR: 无法加载控制器:Cate

[ 2019-11-04T17:39:04+08:00 ] ::1 /blog/index.php/Admin/Cate/list.html
INFO: [ app_init ] --START--
INFO: Run Behavior\BuildLiteBehavior [ RunTime:0.000000s ]
INFO: [ app_init ] --END-- [ RunTime:0.001000s ]
INFO: [ app_begin ] --START--
INFO: Run Behavior\ReadHtmlCacheBehavior [ RunTime:0.000000s ]
INFO: [ app_begin ] --END-- [ RunTime:0.000000s ]
INFO: [ view_parse ] --START--
INFO: [ template_filter ] --START--
INFO: Run Behavior\ContentReplaceBehavior [ RunTime:0.000000s ]
INFO: [ template_filter ] --END-- [ RunTime:0.000000s ]
INFO: Run Behavior\ParseTemplateBehavior [ RunTime:0.023000s ]
INFO: [ view_parse ] --END-- [ RunTime:0.023000s ]
INFO: [ view_filter ] --START--
INFO: Run Behavior\WriteHtmlCacheBehavior [ RunTime:0.000000s ]
INFO: [ view_filter ] --END-- [ RunTime:0.000000s ]
INFO: [ app_end ] --START--
INFO: Run Behavior\ShowPageTraceBehavior [ RunTime:0.000000s ]
INFO: [ app_end ] --END-- [ RunTime:0.000000s ]

[ 2019-11-04T17:39:04+08:00 ] ::1 /blog/index.php/Admin/Cate/css/main.css
INFO: [ app_init ] --START--
INFO: Run Behavior\BuildLiteBehavior [ RunTime:0.000000s ]
INFO: [ app_init ] --END-- [ RunTime:0.000000s ]
INFO: [ app_begin ] --START--
INFO: Run Behavior\ReadHtmlCacheBehavior [ RunTime:0.000000s ]
INFO: [ app_begin ] --END-- [ RunTime:0.000000s ]
ERR: 非法操作:css

[ 2019-11-04T17:39:04+08:00 ] ::1 /blog/index.php/Admin/Cate/css/common.css
INFO: [ app_init ] --START--
INFO: Run Behavior\BuildLiteBehavior [ RunTime:0.000000s ]
INFO: [ app_init ] --END-- [ RunTime:0.000000s ]
INFO: [ app_begin ] --START--
INFO: Run Behavior\ReadHtmlCacheBehavior [ RunTime:0.000000s ]
INFO: [ app_begin ] --END-- [ RunTime:0.001000s ]
ERR: 非法操作:css

[ 2019-11-04T17:39:04+08:00 ] ::1 /blog/index.php/Admin/Cate/js/libs/modernizr.min.js
INFO: [ app_init ] --START--
INFO: Run Behavior\BuildLiteBehavior [ RunTime:0.000000s ]
INFO: [ app_init ] --END-- [ RunTime:0.000000s ]
INFO: [ app_begin ] --START--
INFO: Run Behavior\ReadHtmlCacheBehavior [ RunTime:0.000000s ]
INFO: [ app_begin ] --END-- [ RunTime:0.000000s ]
ERR: 非法操作:js

[ 2019-11-04T17:39:09+08:00 ] ::1 /blog/index.php/Admin/Cate/
INFO: [ app_init ] --START--
INFO: Run Behavior\BuildLiteBehavior [ RunTime:0.000000s ]
INFO: [ app_init ] --END-- [ RunTime:0.001000s ]
INFO: [ app_begin ] --START--
INFO: Run Behavior\ReadHtmlCacheBehavior [ RunTime:0.000000s ]
INFO: [ app_begin ] --END-- [ RunTime:0.000000s ]
ERR: 模板不存在:./Application/Admin/View/Cate/index.html

[ 2019-11-04T17:39:12+08:00 ] ::1 /blog/index.php/Admin/Cate/
INFO: [ app_init ] --START--
INFO: Run Behavior\BuildLiteBehavior [ RunTime:0.000000s ]
INFO: [ app_init ] --END-- [ RunTime:0.000000s ]
INFO: [ app_begin ] --START--
INFO: Run Behavior\ReadHtmlCacheBehavior [ RunTime:0.000000s ]
INFO: [ app_begin ] --END-- [ RunTime:0.000000s ]
ERR: 模板不存在:./Application/Admin/View/Cate/index.html

[ 2019-11-04T17:41:47+08:00 ] ::1 /blog/index.php/Admin/Cate/list.html
INFO: [ app_init ] --START--
INFO: Run Behavior\BuildLiteBehavior [ RunTime:0.000000s ]
INFO: [ app_init ] --END-- [ RunTime:0.000000s ]
INFO: [ app_begin ] --START--
INFO: Run Behavior\ReadHtmlCacheBehavior [ RunTime:0.000000s ]
INFO: [ app_begin ] --END-- [ RunTime:0.000000s ]
INFO: [ view_parse ] --START--
INFO: [ template_filter ] --START--
INFO: Run Behavior\ContentReplaceBehavior [ RunTime:0.000000s ]
INFO: [ template_filter ] --END-- [ RunTime:0.000000s ]
INFO: Run Behavior\ParseTemplateBehavior [ RunTime:0.014000s ]
INFO: [ view_parse ] --END-- [ RunTime:0.014000s ]
INFO: [ view_filter ] --START--
INFO: Run Behavior\WriteHtmlCacheBehavior [ RunTime:0.001000s ]
INFO: [ view_filter ] --END-- [ RunTime:0.001000s ]
INFO: [ app_end ] --START--
INFO: Run Behavior\ShowPageTraceBehavior [ RunTime:0.000000s ]
INFO: [ app_end ] --END-- [ RunTime:0.000000s ]

[ 2019-11-04T17:41:53+08:00 ] ::1 /blog/index.php/Admin/Cate/design.html
INFO: [ app_init ] --START--
INFO: Run Behavior\BuildLiteBehavior [ RunTime:0.000000s ]
INFO: [ app_init ] --END-- [ RunTime:0.000000s ]
INFO: [ app_begin ] --START--
INFO: Run Behavior\ReadHtmlCacheBehavior [ RunTime:0.000000s ]
INFO: [ app_begin ] --END-- [ RunTime:0.000000s ]
ERR: 非法操作:design

[ 2019-11-04T18:02:40+08:00 ] ::1 /blog/index.php/Admin/Cate/list.html
INFO: [ app_init ] --START--
INFO: Run Behavior\BuildLiteBehavior [ RunTime:0.000000s ]
INFO: [ app_init ] --END-- [ RunTime:0.000000s ]
INFO: [ app_begin ] --START--
INFO: Run Behavior\ReadHtmlCacheBehavior [ RunTime:0.000000s ]
INFO: [ app_begin ] --END-- [ RunTime:0.000000s ]
INFO: [ view_parse ] --START--
NOTIC: [2] simplexml_load_string(): Entity: line 3: parser error : Opening and ending tag mismatch: div line 2 and tpl D:\wamp64\www\blog\ThinkPHP\Library\Think\Template.class.php 第 304 行.
NOTIC: [2] simplexml_load_string():         &lt;include file=&quot;Common:left&quot; /&gt;&lt;/tpl&gt; D:\wamp64\www\blog\ThinkPHP\Library\Think\Template.class.php 第 304 行.
NOTIC: [2] simplexml_load_string():                                             ^ D:\wamp64\www\blog\ThinkPHP\Library\Think\Template.class.php 第 304 行.
NOTIC: [2] simplexml_load_string(): Entity: line 3: parser error : Premature end of data in tag tag line 1 D:\wamp64\www\blog\ThinkPHP\Library\Think\Template.class.php 第 304 行.
NOTIC: [2] simplexml_load_string():         &lt;include file=&quot;Common:left&quot; /&gt;&lt;/tpl&gt; D:\wamp64\www\blog\ThinkPHP\Library\Think\Template.class.php 第 304 行.
NOTIC: [2] simplexml_load_string():                                             ^ D:\wamp64\www\blog\ThinkPHP\Library\Think\Template.class.php 第 304 行.
NOTIC: [2] simplexml_load_string(): Entity: line 3: parser error : Premature end of data in tag tpl line 1 D:\wamp64\www\blog\ThinkPHP\Library\Think\Template.class.php 第 304 行.
NOTIC: [2] simplexml_load_string():         &lt;include file=&quot;Common:left&quot; /&gt;&lt;/tpl&gt; D:\wamp64\www\blog\ThinkPHP\Library\Think\Template.class.php 第 304 行.
NOTIC: [2] simplexml_load_string():                                             ^ D:\wamp64\www\blog\ThinkPHP\Library\Think\Template.class.php 第 304 行.
ERR: XML标签语法错误

[ 2019-11-04T18:03:32+08:00 ] ::1 /blog/index.php/Admin/Cate/list.html
INFO: [ app_init ] --START--
INFO: Run Behavior\BuildLiteBehavior [ RunTime:0.000000s ]
INFO: [ app_init ] --END-- [ RunTime:0.000000s ]
INFO: [ app_begin ] --START--
INFO: Run Behavior\ReadHtmlCacheBehavior [ RunTime:0.001000s ]
INFO: [ app_begin ] --END-- [ RunTime:0.001000s ]
INFO: [ view_parse ] --START--
NOTIC: [2] simplexml_load_string(): Entity: line 3: parser error : Opening and ending tag mismatch: div line 2 and tpl D:\wamp64\www\blog\ThinkPHP\Library\Think\Template.class.php 第 304 行.
NOTIC: [2] simplexml_load_string():         &lt;include file=&quot;Common:left&quot; /&gt;&lt;/tpl&gt; D:\wamp64\www\blog\ThinkPHP\Library\Think\Template.class.php 第 304 行.
NOTIC: [2] simplexml_load_string():                                             ^ D:\wamp64\www\blog\ThinkPHP\Library\Think\Template.class.php 第 304 行.
NOTIC: [2] simplexml_load_string(): Entity: line 3: parser error : Premature end of data in tag tag line 1 D:\wamp64\www\blog\ThinkPHP\Library\Think\Template.class.php 第 304 行.
NOTIC: [2] simplexml_load_string():         &lt;include file=&quot;Common:left&quot; /&gt;&lt;/tpl&gt; D:\wamp64\www\blog\ThinkPHP\Library\Think\Template.class.php 第 304 行.
NOTIC: [2] simplexml_load_string():                                             ^ D:\wamp64\www\blog\ThinkPHP\Library\Think\Template.class.php 第 304 行.
NOTIC: [2] simplexml_load_string(): Entity: line 3: parser error : Premature end of data in tag tpl line 1 D:\wamp64\www\blog\ThinkPHP\Library\Think\Template.class.php 第 304 行.
NOTIC: [2] simplexml_load_string():         &lt;include file=&quot;Common:left&quot; /&gt;&lt;/tpl&gt; D:\wamp64\www\blog\ThinkPHP\Library\Think\Template.class.php 第 304 行.
NOTIC: [2] simplexml_load_string():                                             ^ D:\wamp64\www\blog\ThinkPHP\Library\Think\Template.class.php 第 304 行.
ERR: XML标签语法错误

[ 2019-11-04T18:03:36+08:00 ] ::1 /blog/index.php/Admin/Cate/
INFO: [ app_init ] --START--
INFO: Run Behavior\BuildLiteBehavior [ RunTime:0.000000s ]
INFO: [ app_init ] --END-- [ RunTime:0.000000s ]
INFO: [ app_begin ] --START--
INFO: Run Behavior\ReadHtmlCacheBehavior [ RunTime:0.000000s ]
INFO: [ app_begin ] --END-- [ RunTime:0.000000s ]
ERR: 模板不存在:./Application/Admin/View/Cate/index.html

[ 2019-11-04T18:03:39+08:00 ] ::1 /blog/index.php/Admin/Cate/list
INFO: [ app_init ] --START--
INFO: Run Behavior\BuildLiteBehavior [ RunTime:0.000000s ]
INFO: [ app_init ] --END-- [ RunTime:0.000000s ]
INFO: [ app_begin ] --START--
INFO: Run Behavior\ReadHtmlCacheBehavior [ RunTime:0.000000s ]
INFO: [ app_begin ] --END-- [ RunTime:0.001000s ]
INFO: [ view_parse ] --START--
NOTIC: [2] simplexml_load_string(): Entity: line 3: parser error : Opening and ending tag mismatch: div line 2 and tpl D:\wamp64\www\blog\ThinkPHP\Library\Think\Template.class.php 第 304 行.
NOTIC: [2] simplexml_load_string():         &lt;include file=&quot;Common:left&quot; /&gt;&lt;/tpl&gt; D:\wamp64\www\blog\ThinkPHP\Library\Think\Template.class.php 第 304 行.
NOTIC: [2] simplexml_load_string():                                             ^ D:\wamp64\www\blog\ThinkPHP\Library\Think\Template.class.php 第 304 行.
NOTIC: [2] simplexml_load_string(): Entity: line 3: parser error : Premature end of data in tag tag line 1 D:\wamp64\www\blog\ThinkPHP\Library\Think\Template.class.php 第 304 行.
NOTIC: [2] simplexml_load_string():         &lt;include file=&quot;Common:left&quot; /&gt;&lt;/tpl&gt; D:\wamp64\www\blog\ThinkPHP\Library\Think\Template.class.php 第 304 行.
NOTIC: [2] simplexml_load_string():                                             ^ D:\wamp64\www\blog\ThinkPHP\Library\Think\Template.class.php 第 304 行.
NOTIC: [2] simplexml_load_string(): Entity: line 3: parser error : Premature end of data in tag tpl line 1 D:\wamp64\www\blog\ThinkPHP\Library\Think\Template.class.php 第 304 行.
NOTIC: [2] simplexml_load_string():         &lt;include file=&quot;Common:left&quot; /&gt;&lt;/tpl&gt; D:\wamp64\www\blog\ThinkPHP\Library\Think\Template.class.php 第 304 行.
NOTIC: [2] simplexml_load_string():                                             ^ D:\wamp64\www\blog\ThinkPHP\Library\Think\Template.class.php 第 304 行.
ERR: XML标签语法错误

[ 2019-11-04T18:03:44+08:00 ] ::1 /blog/index.php/Admin/Cate/list.html
INFO: [ app_init ] --START--
INFO: Run Behavior\BuildLiteBehavior [ RunTime:0.000000s ]
INFO: [ app_init ] --END-- [ RunTime:0.000000s ]
INFO: [ app_begin ] --START--
INFO: Run Behavior\ReadHtmlCacheBehavior [ RunTime:0.000000s ]
INFO: [ app_begin ] --END-- [ RunTime:0.000000s ]
INFO: [ view_parse ] --START--
NOTIC: [2] simplexml_load_string(): Entity: line 3: parser error : Opening and ending tag mismatch: div line 2 and tpl D:\wamp64\www\blog\ThinkPHP\Library\Think\Template.class.php 第 304 行.
NOTIC: [2] simplexml_load_string():         &lt;include file=&quot;Common:left&quot; /&gt;&lt;/tpl&gt; D:\wamp64\www\blog\ThinkPHP\Library\Think\Template.class.php 第 304 行.
NOTIC: [2] simplexml_load_string():                                             ^ D:\wamp64\www\blog\ThinkPHP\Library\Think\Template.class.php 第 304 行.
NOTIC: [2] simplexml_load_string(): Entity: line 3: parser error : Premature end of data in tag tag line 1 D:\wamp64\www\blog\ThinkPHP\Library\Think\Template.class.php 第 304 行.
NOTIC: [2] simplexml_load_string():         &lt;include file=&quot;Common:left&quot; /&gt;&lt;/tpl&gt; D:\wamp64\www\blog\ThinkPHP\Library\Think\Template.class.php 第 304 行.
NOTIC: [2] simplexml_load_string():                                             ^ D:\wamp64\www\blog\ThinkPHP\Library\Think\Template.class.php 第 304 行.
NOTIC: [2] simplexml_load_string(): Entity: line 3: parser error : Premature end of data in tag tpl line 1 D:\wamp64\www\blog\ThinkPHP\Library\Think\Template.class.php 第 304 行.
NOTIC: [2] simplexml_load_string():         &lt;include file=&quot;Common:left&quot; /&gt;&lt;/tpl&gt; D:\wamp64\www\blog\ThinkPHP\Library\Think\Template.class.php 第 304 行.
NOTIC: [2] simplexml_load_string():                                             ^ D:\wamp64\www\blog\ThinkPHP\Library\Think\Template.class.php 第 304 行.
ERR: XML标签语法错误

[ 2019-11-04T18:03:47+08:00 ] ::1 /blog/index.php/Admin/Cate/list.htm
INFO: [ app_init ] --START--
INFO: Run Behavior\BuildLiteBehavior [ RunTime:0.000000s ]
INFO: [ app_init ] --END-- [ RunTime:0.000000s ]
INFO: [ app_begin ] --START--
INFO: Run Behavior\ReadHtmlCacheBehavior [ RunTime:0.000000s ]
INFO: [ app_begin ] --END-- [ RunTime:0.000000s ]
INFO: [ view_parse ] --START--
NOTIC: [2] simplexml_load_string(): Entity: line 3: parser error : Opening and ending tag mismatch: div line 2 and tpl D:\wamp64\www\blog\ThinkPHP\Library\Think\Template.class.php 第 304 行.
NOTIC: [2] simplexml_load_string():         &lt;include file=&quot;Common:left&quot; /&gt;&lt;/tpl&gt; D:\wamp64\www\blog\ThinkPHP\Library\Think\Template.class.php 第 304 行.
NOTIC: [2] simplexml_load_string():                                             ^ D:\wamp64\www\blog\ThinkPHP\Library\Think\Template.class.php 第 304 行.
NOTIC: [2] simplexml_load_string(): Entity: line 3: parser error : Premature end of data in tag tag line 1 D:\wamp64\www\blog\ThinkPHP\Library\Think\Template.class.php 第 304 行.
NOTIC: [2] simplexml_load_string():         &lt;include file=&quot;Common:left&quot; /&gt;&lt;/tpl&gt; D:\wamp64\www\blog\ThinkPHP\Library\Think\Template.class.php 第 304 行.
NOTIC: [2] simplexml_load_string():                                             ^ D:\wamp64\www\blog\ThinkPHP\Library\Think\Template.class.php 第 304 行.
NOTIC: [2] simplexml_load_string(): Entity: line 3: parser error : Premature end of data in tag tpl line 1 D:\wamp64\www\blog\ThinkPHP\Library\Think\Template.class.php 第 304 行.
NOTIC: [2] simplexml_load_string():         &lt;include file=&quot;Common:left&quot; /&gt;&lt;/tpl&gt; D:\wamp64\www\blog\ThinkPHP\Library\Think\Template.class.php 第 304 行.
NOTIC: [2] simplexml_load_string():                                             ^ D:\wamp64\www\blog\ThinkPHP\Library\Think\Template.class.php 第 304 行.
ERR: XML标签语法错误

[ 2019-11-04T18:03:51+08:00 ] ::1 /blog/index.php/Admin/Cate/list.html
INFO: [ app_init ] --START--
INFO: Run Behavior\BuildLiteBehavior [ RunTime:0.000000s ]
INFO: [ app_init ] --END-- [ RunTime:0.000000s ]
INFO: [ app_begin ] --START--
INFO: Run Behavior\ReadHtmlCacheBehavior [ RunTime:0.000000s ]
INFO: [ app_begin ] --END-- [ RunTime:0.000000s ]
INFO: [ view_parse ] --START--
NOTIC: [2] simplexml_load_string(): Entity: line 3: parser error : Opening and ending tag mismatch: div line 2 and tpl D:\wamp64\www\blog\ThinkPHP\Library\Think\Template.class.php 第 304 行.
NOTIC: [2] simplexml_load_string():         &lt;include file=&quot;Common:left&quot; /&gt;&lt;/tpl&gt; D:\wamp64\www\blog\ThinkPHP\Library\Think\Template.class.php 第 304 行.
NOTIC: [2] simplexml_load_string():                                             ^ D:\wamp64\www\blog\ThinkPHP\Library\Think\Template.class.php 第 304 行.
NOTIC: [2] simplexml_load_string(): Entity: line 3: parser error : Premature end of data in tag tag line 1 D:\wamp64\www\blog\ThinkPHP\Library\Think\Template.class.php 第 304 行.
NOTIC: [2] simplexml_load_string():         &lt;include file=&quot;Common:left&quot; /&gt;&lt;/tpl&gt; D:\wamp64\www\blog\ThinkPHP\Library\Think\Template.class.php 第 304 行.
NOTIC: [2] simplexml_load_string():                                             ^ D:\wamp64\www\blog\ThinkPHP\Library\Think\Template.class.php 第 304 行.
NOTIC: [2] simplexml_load_string(): Entity: line 3: parser error : Premature end of data in tag tpl line 1 D:\wamp64\www\blog\ThinkPHP\Library\Think\Template.class.php 第 304 行.
NOTIC: [2] simplexml_load_string():         &lt;include file=&quot;Common:left&quot; /&gt;&lt;/tpl&gt; D:\wamp64\www\blog\ThinkPHP\Library\Think\Template.class.php 第 304 行.
NOTIC: [2] simplexml_load_string():                                             ^ D:\wamp64\www\blog\ThinkPHP\Library\Think\Template.class.php 第 304 行.
ERR: XML标签语法错误

[ 2019-11-04T18:03:55+08:00 ] ::1 /blog/index.php/Admin/Cate/
INFO: [ app_init ] --START--
INFO: Run Behavior\BuildLiteBehavior [ RunTime:0.000000s ]
INFO: [ app_init ] --END-- [ RunTime:0.000000s ]
INFO: [ app_begin ] --START--
INFO: Run Behavior\ReadHtmlCacheBehavior [ RunTime:0.000000s ]
INFO: [ app_begin ] --END-- [ RunTime:0.001000s ]
ERR: 模板不存在:./Application/Admin/View/Cate/index.html

[ 2019-11-04T18:04:00+08:00 ] ::1 /blog/index.php/Admin/
INFO: [ app_init ] --START--
INFO: Run Behavior\BuildLiteBehavior [ RunTime:0.000000s ]
INFO: [ app_init ] --END-- [ RunTime:0.000000s ]
INFO: [ app_begin ] --START--
INFO: Run Behavior\ReadHtmlCacheBehavior [ RunTime:0.001000s ]
INFO: [ app_begin ] --END-- [ RunTime:0.001000s ]
INFO: [ view_parse ] --START--
INFO: [ template_filter ] --START--
INFO: Run Behavior\ContentReplaceBehavior [ RunTime:0.000000s ]
INFO: [ template_filter ] --END-- [ RunTime:0.000000s ]
INFO: Run Behavior\ParseTemplateBehavior [ RunTime:0.063000s ]
INFO: [ view_parse ] --END-- [ RunTime:0.063000s ]
INFO: [ view_filter ] --START--
INFO: Run Behavior\WriteHtmlCacheBehavior [ RunTime:0.000000s ]
INFO: [ view_filter ] --END-- [ RunTime:0.000000s ]
INFO: [ app_end ] --START--
INFO: Run Behavior\ShowPageTraceBehavior [ RunTime:0.000000s ]
INFO: [ app_end ] --END-- [ RunTime:0.000000s ]

[ 2019-11-04T18:04:02+08:00 ] ::1 /blog/index.php/Admin/Cate/list
INFO: [ app_init ] --START--
INFO: Run Behavior\BuildLiteBehavior [ RunTime:0.000000s ]
INFO: [ app_init ] --END-- [ RunTime:0.000000s ]
INFO: [ app_begin ] --START--
INFO: Run Behavior\ReadHtmlCacheBehavior [ RunTime:0.000000s ]
INFO: [ app_begin ] --END-- [ RunTime:0.000000s ]
INFO: [ view_parse ] --START--
NOTIC: [2] simplexml_load_string(): Entity: line 3: parser error : Opening and ending tag mismatch: div line 2 and tpl D:\wamp64\www\blog\ThinkPHP\Library\Think\Template.class.php 第 304 行.
NOTIC: [2] simplexml_load_string():         &lt;include file=&quot;Common:left&quot; /&gt;&lt;/tpl&gt; D:\wamp64\www\blog\ThinkPHP\Library\Think\Template.class.php 第 304 行.
NOTIC: [2] simplexml_load_string():                                             ^ D:\wamp64\www\blog\ThinkPHP\Library\Think\Template.class.php 第 304 行.
NOTIC: [2] simplexml_load_string(): Entity: line 3: parser error : Premature end of data in tag tag line 1 D:\wamp64\www\blog\ThinkPHP\Library\Think\Template.class.php 第 304 行.
NOTIC: [2] simplexml_load_string():         &lt;include file=&quot;Common:left&quot; /&gt;&lt;/tpl&gt; D:\wamp64\www\blog\ThinkPHP\Library\Think\Template.class.php 第 304 行.
NOTIC: [2] simplexml_load_string():                                             ^ D:\wamp64\www\blog\ThinkPHP\Library\Think\Template.class.php 第 304 行.
NOTIC: [2] simplexml_load_string(): Entity: line 3: parser error : Premature end of data in tag tpl line 1 D:\wamp64\www\blog\ThinkPHP\Library\Think\Template.class.php 第 304 行.
NOTIC: [2] simplexml_load_string():         &lt;include file=&quot;Common:left&quot; /&gt;&lt;/tpl&gt; D:\wamp64\www\blog\ThinkPHP\Library\Think\Template.class.php 第 304 行.
NOTIC: [2] simplexml_load_string():                                             ^ D:\wamp64\www\blog\ThinkPHP\Library\Think\Template.class.php 第 304 行.
ERR: XML标签语法错误

[ 2019-11-04T18:11:16+08:00 ] ::1 /blog/index.php/Admin/Cate/list.html
INFO: [ app_init ] --START--
INFO: Run Behavior\BuildLiteBehavior [ RunTime:0.000000s ]
INFO: [ app_init ] --END-- [ RunTime:0.001000s ]
INFO: [ app_begin ] --START--
INFO: Run Behavior\ReadHtmlCacheBehavior [ RunTime:0.000000s ]
INFO: [ app_begin ] --END-- [ RunTime:0.000000s ]
INFO: [ view_parse ] --START--
NOTIC: [2] simplexml_load_string(): Entity: line 3: parser error : Opening and ending tag mismatch: div line 2 and tpl D:\wamp64\www\blog\ThinkPHP\Library\Think\Template.class.php 第 304 行.
NOTIC: [2] simplexml_load_string():         &lt;include file=&quot;Common:left&quot; /&gt;&lt;/tpl&gt; D:\wamp64\www\blog\ThinkPHP\Library\Think\Template.class.php 第 304 行.
NOTIC: [2] simplexml_load_string():                                             ^ D:\wamp64\www\blog\ThinkPHP\Library\Think\Template.class.php 第 304 行.
NOTIC: [2] simplexml_load_string(): Entity: line 3: parser error : Premature end of data in tag tag line 1 D:\wamp64\www\blog\ThinkPHP\Library\Think\Template.class.php 第 304 行.
NOTIC: [2] simplexml_load_string():         &lt;include file=&quot;Common:left&quot; /&gt;&lt;/tpl&gt; D:\wamp64\www\blog\ThinkPHP\Library\Think\Template.class.php 第 304 行.
NOTIC: [2] simplexml_load_string():                                             ^ D:\wamp64\www\blog\ThinkPHP\Library\Think\Template.class.php 第 304 行.
NOTIC: [2] simplexml_load_string(): Entity: line 3: parser error : Premature end of data in tag tpl line 1 D:\wamp64\www\blog\ThinkPHP\Library\Think\Template.class.php 第 304 行.
NOTIC: [2] simplexml_load_string():         &lt;include file=&quot;Common:left&quot; /&gt;&lt;/tpl&gt; D:\wamp64\www\blog\ThinkPHP\Library\Think\Template.class.php 第 304 行.
NOTIC: [2] simplexml_load_string():                                             ^ D:\wamp64\www\blog\ThinkPHP\Library\Think\Template.class.php 第 304 行.
ERR: XML标签语法错误

[ 2019-11-04T18:11:21+08:00 ] ::1 /blog/index.php/Admin/Cate/list.html
INFO: [ app_init ] --START--
INFO: Run Behavior\BuildLiteBehavior [ RunTime:0.000000s ]
INFO: [ app_init ] --END-- [ RunTime:0.000000s ]
INFO: [ app_begin ] --START--
INFO: Run Behavior\ReadHtmlCacheBehavior [ RunTime:0.000000s ]
INFO: [ app_begin ] --END-- [ RunTime:0.000000s ]
INFO: [ view_parse ] --START--
NOTIC: [2] simplexml_load_string(): Entity: line 3: parser error : Opening and ending tag mismatch: div line 2 and tpl D:\wamp64\www\blog\ThinkPHP\Library\Think\Template.class.php 第 304 行.
NOTIC: [2] simplexml_load_string():         &lt;include file=&quot;Common:left&quot; /&gt;&lt;/tpl&gt; D:\wamp64\www\blog\ThinkPHP\Library\Think\Template.class.php 第 304 行.
NOTIC: [2] simplexml_load_string():                                             ^ D:\wamp64\www\blog\ThinkPHP\Library\Think\Template.class.php 第 304 行.
NOTIC: [2] simplexml_load_string(): Entity: line 3: parser error : Premature end of data in tag tag line 1 D:\wamp64\www\blog\ThinkPHP\Library\Think\Template.class.php 第 304 行.
NOTIC: [2] simplexml_load_string():         &lt;include file=&quot;Common:left&quot; /&gt;&lt;/tpl&gt; D:\wamp64\www\blog\ThinkPHP\Library\Think\Template.class.php 第 304 行.
NOTIC: [2] simplexml_load_string():                                             ^ D:\wamp64\www\blog\ThinkPHP\Library\Think\Template.class.php 第 304 行.
NOTIC: [2] simplexml_load_string(): Entity: line 3: parser error : Premature end of data in tag tpl line 1 D:\wamp64\www\blog\ThinkPHP\Library\Think\Template.class.php 第 304 行.
NOTIC: [2] simplexml_load_string():         &lt;include file=&quot;Common:left&quot; /&gt;&lt;/tpl&gt; D:\wamp64\www\blog\ThinkPHP\Library\Think\Template.class.php 第 304 行.
NOTIC: [2] simplexml_load_string():                                             ^ D:\wamp64\www\blog\ThinkPHP\Library\Think\Template.class.php 第 304 行.
ERR: XML标签语法错误

[ 2019-11-04T18:13:46+08:00 ] ::1 /blog/index.php/Admin/Cate/list.html
INFO: [ app_init ] --START--
INFO: Run Behavior\BuildLiteBehavior [ RunTime:0.000000s ]
INFO: [ app_init ] --END-- [ RunTime:0.000000s ]
INFO: [ app_begin ] --START--
INFO: Run Behavior\ReadHtmlCacheBehavior [ RunTime:0.000000s ]
INFO: [ app_begin ] --END-- [ RunTime:0.000000s ]
INFO: [ view_parse ] --START--
INFO: [ template_filter ] --START--
INFO: Run Behavior\ContentReplaceBehavior [ RunTime:0.000000s ]
INFO: [ template_filter ] --END-- [ RunTime:0.000000s ]
INFO: Run Behavior\ParseTemplateBehavior [ RunTime:0.041000s ]
INFO: [ view_parse ] --END-- [ RunTime:0.041000s ]
INFO: [ view_filter ] --START--
INFO: Run Behavior\WriteHtmlCacheBehavior [ RunTime:0.000000s ]
INFO: [ view_filter ] --END-- [ RunTime:0.000000s ]
INFO: [ app_end ] --START--
INFO: Run Behavior\ShowPageTraceBehavior [ RunTime:0.001000s ]
INFO: [ app_end ] --END-- [ RunTime:0.001000s ]

[ 2019-11-04T18:13:49+08:00 ] ::1 /blog/index.php/Admin/Cate/list
INFO: [ app_init ] --START--
INFO: Run Behavior\BuildLiteBehavior [ RunTime:0.000000s ]
INFO: [ app_init ] --END-- [ RunTime:0.001000s ]
INFO: [ app_begin ] --START--
INFO: Run Behavior\ReadHtmlCacheBehavior [ RunTime:0.001000s ]
INFO: [ app_begin ] --END-- [ RunTime:0.001000s ]
INFO: [ view_parse ] --START--
INFO: [ template_filter ] --START--
INFO: Run Behavior\ContentReplaceBehavior [ RunTime:0.000000s ]
INFO: [ template_filter ] --END-- [ RunTime:0.000000s ]
INFO: Run Behavior\ParseTemplateBehavior [ RunTime:0.018000s ]
INFO: [ view_parse ] --END-- [ RunTime:0.018000s ]
INFO: [ view_filter ] --START--
INFO: Run Behavior\WriteHtmlCacheBehavior [ RunTime:0.000000s ]
INFO: [ view_filter ] --END-- [ RunTime:0.000000s ]
INFO: [ app_end ] --START--
INFO: Run Behavior\ShowPageTraceBehavior [ RunTime:0.000000s ]
INFO: [ app_end ] --END-- [ RunTime:0.000000s ]

[ 2019-11-04T18:13:51+08:00 ] ::1 /blog/index.php/Admin/Cate/list
INFO: [ app_init ] --START--
INFO: Run Behavior\BuildLiteBehavior [ RunTime:0.000000s ]
INFO: [ app_init ] --END-- [ RunTime:0.000000s ]
INFO: [ app_begin ] --START--
INFO: Run Behavior\ReadHtmlCacheBehavior [ RunTime:0.000000s ]
INFO: [ app_begin ] --END-- [ RunTime:0.000000s ]
INFO: [ view_parse ] --START--
INFO: [ template_filter ] --START--
INFO: Run Behavior\ContentReplaceBehavior [ RunTime:0.000000s ]
INFO: [ template_filter ] --END-- [ RunTime:0.000000s ]
INFO: Run Behavior\ParseTemplateBehavior [ RunTime:0.008000s ]
INFO: [ view_parse ] --END-- [ RunTime:0.008000s ]
INFO: [ view_filter ] --START--
INFO: Run Behavior\WriteHtmlCacheBehavior [ RunTime:0.000000s ]
INFO: [ view_filter ] --END-- [ RunTime:0.000000s ]
INFO: [ app_end ] --START--
INFO: Run Behavior\ShowPageTraceBehavior [ RunTime:0.000000s ]
INFO: [ app_end ] --END-- [ RunTime:0.000000s ]

[ 2019-11-04T18:13:51+08:00 ] ::1 /blog/index.php/Admin/Cate/list
INFO: [ app_init ] --START--
INFO: Run Behavior\BuildLiteBehavior [ RunTime:0.000000s ]
INFO: [ app_init ] --END-- [ RunTime:0.000000s ]
INFO: [ app_begin ] --START--
INFO: Run Behavior\ReadHtmlCacheBehavior [ RunTime:0.000000s ]
INFO: [ app_begin ] --END-- [ RunTime:0.000000s ]
INFO: [ view_parse ] --START--
INFO: [ template_filter ] --START--
INFO: Run Behavior\ContentReplaceBehavior [ RunTime:0.001000s ]
INFO: [ template_filter ] --END-- [ RunTime:0.001000s ]
INFO: Run Behavior\ParseTemplateBehavior [ RunTime:0.013000s ]
INFO: [ view_parse ] --END-- [ RunTime:0.013000s ]
INFO: [ view_filter ] --START--
INFO: Run Behavior\WriteHtmlCacheBehavior [ RunTime:0.000000s ]
INFO: [ view_filter ] --END-- [ RunTime:0.001000s ]
INFO: [ app_end ] --START--
INFO: Run Behavior\ShowPageTraceBehavior [ RunTime:0.000000s ]
INFO: [ app_end ] --END-- [ RunTime:0.000000s ]

[ 2019-11-04T18:13:52+08:00 ] ::1 /blog/index.php/Admin/Cate/list
INFO: [ app_init ] --START--
INFO: Run Behavior\BuildLiteBehavior [ RunTime:0.000000s ]
INFO: [ app_init ] --END-- [ RunTime:0.000000s ]
INFO: [ app_begin ] --START--
INFO: Run Behavior\ReadHtmlCacheBehavior [ RunTime:0.000000s ]
INFO: [ app_begin ] --END-- [ RunTime:0.000000s ]
INFO: [ view_parse ] --START--
INFO: [ template_filter ] --START--
INFO: Run Behavior\ContentReplaceBehavior [ RunTime:0.000000s ]
INFO: [ template_filter ] --END-- [ RunTime:0.000000s ]
INFO: Run Behavior\ParseTemplateBehavior [ RunTime:0.016000s ]
INFO: [ view_parse ] --END-- [ RunTime:0.016000s ]
INFO: [ view_filter ] --START--
INFO: Run Behavior\WriteHtmlCacheBehavior [ RunTime:0.000000s ]
INFO: [ view_filter ] --END-- [ RunTime:0.000000s ]
INFO: [ app_end ] --START--
INFO: Run Behavior\ShowPageTraceBehavior [ RunTime:0.000000s ]
INFO: [ app_end ] --END-- [ RunTime:0.000000s ]

[ 2019-11-04T18:13:52+08:00 ] ::1 /blog/index.php/Admin/Cate/list
INFO: [ app_init ] --START--
INFO: Run Behavior\BuildLiteBehavior [ RunTime:0.000000s ]
INFO: [ app_init ] --END-- [ RunTime:0.000000s ]
INFO: [ app_begin ] --START--
INFO: Run Behavior\ReadHtmlCacheBehavior [ RunTime:0.000000s ]
INFO: [ app_begin ] --END-- [ RunTime:0.000000s ]
INFO: [ view_parse ] --START--
INFO: [ template_filter ] --START--
INFO: Run Behavior\ContentReplaceBehavior [ RunTime:0.000000s ]
INFO: [ template_filter ] --END-- [ RunTime:0.001000s ]
INFO: Run Behavior\ParseTemplateBehavior [ RunTime:0.018000s ]
INFO: [ view_parse ] --END-- [ RunTime:0.018000s ]
INFO: [ view_filter ] --START--
INFO: Run Behavior\WriteHtmlCacheBehavior [ RunTime:0.000000s ]
INFO: [ view_filter ] --END-- [ RunTime:0.000000s ]
INFO: [ app_end ] --START--
INFO: Run Behavior\ShowPageTraceBehavior [ RunTime:0.000000s ]
INFO: [ app_end ] --END-- [ RunTime:0.000000s ]

[ 2019-11-04T18:13:52+08:00 ] ::1 /blog/index.php/Admin/Cate/list
INFO: [ app_init ] --START--
INFO: Run Behavior\BuildLiteBehavior [ RunTime:0.000000s ]
INFO: [ app_init ] --END-- [ RunTime:0.001000s ]
INFO: [ app_begin ] --START--
INFO: Run Behavior\ReadHtmlCacheBehavior [ RunTime:0.000000s ]
INFO: [ app_begin ] --END-- [ RunTime:0.000000s ]
INFO: [ view_parse ] --START--
INFO: [ template_filter ] --START--
INFO: Run Behavior\ContentReplaceBehavior [ RunTime:0.000000s ]
INFO: [ template_filter ] --END-- [ RunTime:0.000000s ]
INFO: Run Behavior\ParseTemplateBehavior [ RunTime:0.018000s ]
INFO: [ view_parse ] --END-- [ RunTime:0.018000s ]
INFO: [ view_filter ] --START--
INFO: Run Behavior\WriteHtmlCacheBehavior [ RunTime:0.000000s ]
INFO: [ view_filter ] --END-- [ RunTime:0.000000s ]
INFO: [ app_end ] --START--
INFO: Run Behavior\ShowPageTraceBehavior [ RunTime:0.000000s ]
INFO: [ app_end ] --END-- [ RunTime:0.000000s ]

[ 2019-11-04T18:13:53+08:00 ] ::1 /blog/index.php/Admin/Cate/list
INFO: [ app_init ] --START--
INFO: Run Behavior\BuildLiteBehavior [ RunTime:0.000000s ]
INFO: [ app_init ] --END-- [ RunTime:0.000000s ]
INFO: [ app_begin ] --START--
INFO: Run Behavior\ReadHtmlCacheBehavior [ RunTime:0.000000s ]
INFO: [ app_begin ] --END-- [ RunTime:0.001000s ]
INFO: [ view_parse ] --START--
INFO: [ template_filter ] --START--
INFO: Run Behavior\ContentReplaceBehavior [ RunTime:0.000000s ]
INFO: [ template_filter ] --END-- [ RunTime:0.000000s ]
INFO: Run Behavior\ParseTemplateBehavior [ RunTime:0.011000s ]
INFO: [ view_parse ] --END-- [ RunTime:0.011000s ]
INFO: [ view_filter ] --START--
INFO: Run Behavior\WriteHtmlCacheBehavior [ RunTime:0.000000s ]
INFO: [ view_filter ] --END-- [ RunTime:0.000000s ]
INFO: [ app_end ] --START--
INFO: Run Behavior\ShowPageTraceBehavior [ RunTime:0.000000s ]
INFO: [ app_end ] --END-- [ RunTime:0.000000s ]

